<?xml version="1.0" encoding="utf-8" standalone="no"?>
<!--This file represents the results of running a test suite-->
<test-results name="/home/test/opensim/bin/OpenSim.Region.CoreModules.Tests.dll" total="85" errors="0" failures="0" not-run="0" inconclusive="0" ignored="0" skipped="0" invalid="0" date="2017-08-14" time="21:15:26">
  <environment nunit-version="2.6.4.0" clr-version="4.0.30319.42000" os-version="Unix 4.10.0.28" platform="Unix" cwd="/home/test/opensim" machine-name="regions5.opensim.life" user="root" user-domain="regions5.opensim.life" />
  <culture-info current-culture="en-US" current-uiculture="en-US" />
  <test-suite type="Assembly" name="/home/test/opensim/bin/OpenSim.Region.CoreModules.Tests.dll" executed="True" result="Success" success="True" time="47.425" asserts="0">
    <results>
      <test-suite type="Namespace" name="OpenSim" executed="True" result="Success" success="True" time="47.420" asserts="0">
        <results>
          <test-suite type="Namespace" name="Region" executed="True" result="Success" success="True" time="47.420" asserts="0">
            <results>
              <test-suite type="Namespace" name="CoreModules" executed="True" result="Success" success="True" time="47.419" asserts="0">
                <results>
                  <test-suite type="Namespace" name="Asset" executed="True" result="Success" success="True" time="0.467" asserts="0">
                    <results>
                      <test-suite type="Namespace" name="Tests" executed="True" result="Success" success="True" time="0.467" asserts="0">
                        <results>
                          <test-suite type="TestFixture" name="FlotsamAssetCacheTests" executed="True" result="Success" success="True" time="0.467" asserts="0">
                            <results>
                              <test-case name="OpenSim.Region.CoreModules.Asset.Tests.FlotsamAssetCacheTests.TestCacheAsset" executed="True" result="Success" success="True" time="0.437" asserts="3" />
                              <test-case name="OpenSim.Region.CoreModules.Asset.Tests.FlotsamAssetCacheTests.TestClearCache" executed="True" result="Success" success="True" time="0.011" asserts="1" />
                              <test-case name="OpenSim.Region.CoreModules.Asset.Tests.FlotsamAssetCacheTests.TestExpireAsset" executed="True" result="Success" success="True" time="0.009" asserts="1" />
                            </results>
                          </test-suite>
                        </results>
                      </test-suite>
                    </results>
                  </test-suite>
                  <test-suite type="Namespace" name="Avatar" executed="True" result="Success" success="True" time="43.307" asserts="0">
                    <results>
                      <test-suite type="Namespace" name="AvatarFactory" executed="True" result="Success" success="True" time="1.674" asserts="0">
                        <results>
                          <test-suite type="TestFixture" name="AvatarFactoryModuleTests" executed="True" result="Success" success="True" time="1.674" asserts="0">
                            <results>
                              <test-case name="OpenSim.Region.CoreModules.Avatar.AvatarFactory.AvatarFactoryModuleTests.TestSaveBakedTextures" executed="True" result="Success" success="True" time="0.649" asserts="3" />
                              <test-case name="OpenSim.Region.CoreModules.Avatar.AvatarFactory.AvatarFactoryModuleTests.TestSetAppearance" executed="True" result="Success" success="True" time="0.514" asserts="4" />
                              <test-case name="OpenSim.Region.CoreModules.Avatar.AvatarFactory.AvatarFactoryModuleTests.TestSetAppearanceAlphaBakedTextures" executed="True" result="Success" success="True" time="0.510" asserts="1" />
                            </results>
                          </test-suite>
                        </results>
                      </test-suite>
                      <test-suite type="Namespace" name="Chat" executed="True" result="Success" success="True" time="31.432" asserts="0">
                        <results>
                          <test-suite type="Namespace" name="Tests" executed="True" result="Success" success="True" time="31.432" asserts="0">
                            <results>
                              <test-suite type="TestFixture" name="ChatModuleTests" executed="True" result="Success" success="True" time="31.432" asserts="0">
                                <results>
                                  <test-case name="OpenSim.Region.CoreModules.Avatar.Chat.Tests.ChatModuleTests.TestInterRegionChatDistanceEastWest" executed="True" result="Success" success="True" time="15.737" asserts="7" />
                                  <test-case name="OpenSim.Region.CoreModules.Avatar.Chat.Tests.ChatModuleTests.TestInterRegionChatDistanceNorthSouth" executed="True" result="Success" success="True" time="15.694" asserts="7" />
                                </results>
                              </test-suite>
                            </results>
                          </test-suite>
                        </results>
                      </test-suite>
                      <test-suite type="Namespace" name="Friends" executed="True" result="Success" success="True" time="5.589" asserts="0">
                        <results>
                          <test-suite type="Namespace" name="Tests" executed="True" result="Success" success="True" time="5.589" asserts="0">
                            <results>
                              <test-suite type="TestFixture" name="FriendsModuleTests" executed="True" result="Success" success="True" time="5.588" asserts="0">
                                <results>
                                  <test-case name="OpenSim.Region.CoreModules.Avatar.Friends.Tests.FriendsModuleTests.TestAddFriendshipWhileOnline" executed="True" result="Success" success="True" time="1.026" asserts="2" />
                                  <test-case name="OpenSim.Region.CoreModules.Avatar.Friends.Tests.FriendsModuleTests.TestLoginWithNoFriends" executed="True" result="Success" success="True" time="0.509" asserts="2" />
                                  <test-case name="OpenSim.Region.CoreModules.Avatar.Friends.Tests.FriendsModuleTests.TestLoginWithOfflineFriends" executed="True" result="Success" success="True" time="1.527" asserts="2" />
                                  <test-case name="OpenSim.Region.CoreModules.Avatar.Friends.Tests.FriendsModuleTests.TestLoginWithOnlineFriends" executed="True" result="Success" success="True" time="1.511" asserts="2" />
                                  <test-case name="OpenSim.Region.CoreModules.Avatar.Friends.Tests.FriendsModuleTests.TestRemoveFriendshipWhileOnline" executed="True" result="Success" success="True" time="1.011" asserts="2" />
                                </results>
                              </test-suite>
                            </results>
                          </test-suite>
                        </results>
                      </test-suite>
                      <test-suite type="Namespace" name="Inventory" executed="True" result="Success" success="True" time="4.600" asserts="0">
                        <results>
                          <test-suite type="Namespace" name="Archiver" executed="True" result="Success" success="True" time="0.503" asserts="0">
                            <results>
                              <test-suite type="Namespace" name="Tests" executed="True" result="Success" success="True" time="0.503" asserts="0">
                                <results>
                                  <test-suite type="TestFixture" name="InventoryArchiveLoadPathTests" executed="True" result="Success" success="True" time="0.327" asserts="0">
                                    <results>
                                      <test-case name="OpenSim.Region.CoreModules.Avatar.Inventory.Archiver.Tests.InventoryArchiveLoadPathTests.TestLoadIarPathStartsWithSlash" executed="True" result="Success" success="True" time="0.039" asserts="1" />
                                      <test-case name="OpenSim.Region.CoreModules.Avatar.Inventory.Archiver.Tests.InventoryArchiveLoadPathTests.TestLoadIarPathWithEscapedChars" executed="True" result="Success" success="True" time="0.026" asserts="2" />
                                      <test-case name="OpenSim.Region.CoreModules.Avatar.Inventory.Archiver.Tests.InventoryArchiveLoadPathTests.TestLoadIarToInventoryPaths" executed="True" result="Success" success="True" time="0.044" asserts="3" />
                                      <test-case name="OpenSim.Region.CoreModules.Avatar.Inventory.Archiver.Tests.InventoryArchiveLoadPathTests.TestMergeIarPath" executed="True" result="Success" success="True" time="0.012" asserts="3" />
                                      <test-case name="OpenSim.Region.CoreModules.Avatar.Inventory.Archiver.Tests.InventoryArchiveLoadPathTests.TestNewIarPath" executed="True" result="Success" success="True" time="0.015" asserts="5" />
                                      <test-case name="OpenSim.Region.CoreModules.Avatar.Inventory.Archiver.Tests.InventoryArchiveLoadPathTests.TestPartExistingIarPath" executed="True" result="Success" success="True" time="0.013" asserts="2" />
                                    </results>
                                  </test-suite>
                                  <test-suite type="TestFixture" name="InventoryArchiveLoadTests" executed="True" result="Success" success="True" time="0.067" asserts="0">
                                    <results>
                                      <test-case name="OpenSim.Region.CoreModules.Avatar.Inventory.Archiver.Tests.InventoryArchiveLoadTests.TestLoadCoalesecedItem" executed="True" result="Success" success="True" time="0.019" asserts="7" />
                                      <test-case name="OpenSim.Region.CoreModules.Avatar.Inventory.Archiver.Tests.InventoryArchiveLoadTests.TestLoadIarCreatorAccountPresent" executed="True" result="Success" success="True" time="0.017" asserts="4" />
                                      <test-case name="OpenSim.Region.CoreModules.Avatar.Inventory.Archiver.Tests.InventoryArchiveLoadTests.TestLoadIarV0_1AbsentCreator" executed="True" result="Success" success="True" time="0.017" asserts="4" />
                                    </results>
                                  </test-suite>
                                  <test-suite type="TestFixture" name="InventoryArchiveSaveTests" executed="True" result="Success" success="True" time="0.089" asserts="0">
                                    <results>
                                      <test-case name="OpenSim.Region.CoreModules.Avatar.Inventory.Archiver.Tests.InventoryArchiveSaveTests.TestOrder" executed="True" result="Success" success="True" time="0.010" asserts="2" />
                                      <test-case name="OpenSim.Region.CoreModules.Avatar.Inventory.Archiver.Tests.InventoryArchiveSaveTests.TestSaveItemToIar" executed="True" result="Success" success="True" time="0.012" asserts="2" />
                                      <test-case name="OpenSim.Region.CoreModules.Avatar.Inventory.Archiver.Tests.InventoryArchiveSaveTests.TestSaveItemToIarNoAssets" executed="True" result="Success" success="True" time="0.012" asserts="2" />
                                      <test-case name="OpenSim.Region.CoreModules.Avatar.Inventory.Archiver.Tests.InventoryArchiveSaveTests.TestSaveNonRootFolderToIar" executed="True" result="Success" success="True" time="0.016" asserts="4" />
                                      <test-case name="OpenSim.Region.CoreModules.Avatar.Inventory.Archiver.Tests.InventoryArchiveSaveTests.TestSaveRootFolderToIar" executed="True" result="Success" success="True" time="0.021" asserts="1" />
                                    </results>
                                  </test-suite>
                                  <test-suite type="TestFixture" name="InventoryArchiveTestCase" executed="True" result="Inconclusive" success="False" time="0.014" asserts="0" />
                                </results>
                              </test-suite>
                            </results>
                          </test-suite>
                          <test-suite type="Namespace" name="Transfer" executed="True" result="Success" success="True" time="4.089" asserts="0">
                            <results>
                              <test-suite type="Namespace" name="Tests" executed="True" result="Success" success="True" time="4.089" asserts="0">
                                <results>
                                  <test-suite type="TestFixture" name="InventoryTransferModuleTests" executed="True" result="Success" success="True" time="4.088" asserts="0">
                                    <results>
                                      <test-case name="OpenSim.Region.CoreModules.Avatar.Inventory.Transfer.Tests.InventoryTransferModuleTests.TestAcceptGivenFolder" executed="True" result="Success" success="True" time="1.024" asserts="5" />
                                      <test-case name="OpenSim.Region.CoreModules.Avatar.Inventory.Transfer.Tests.InventoryTransferModuleTests.TestAcceptGivenItem" executed="True" result="Success" success="True" time="1.020" asserts="5" />
                                      <test-case name="OpenSim.Region.CoreModules.Avatar.Inventory.Transfer.Tests.InventoryTransferModuleTests.TestRejectGivenFolder" executed="True" result="Success" success="True" time="1.025" asserts="6" />
                                      <test-case name="OpenSim.Region.CoreModules.Avatar.Inventory.Transfer.Tests.InventoryTransferModuleTests.TestRejectGivenItem" executed="True" result="Success" success="True" time="1.017" asserts="6" />
                                    </results>
                                  </test-suite>
                                </results>
                              </test-suite>
                            </results>
                          </test-suite>
                        </results>
                      </test-suite>
                    </results>
                  </test-suite>
                  <test-suite type="Namespace" name="Framework" executed="True" result="Success" success="True" time="0.957" asserts="0">
                    <results>
                      <test-suite type="Namespace" name="InventoryAccess" executed="True" result="Success" success="True" time="0.429" asserts="0">
                        <results>
                          <test-suite type="Namespace" name="Tests" executed="True" result="Success" success="True" time="0.429" asserts="0">
                            <results>
                              <test-suite type="TestFixture" name="HGAssetMapperTests" executed="True" result="Success" success="True" time="0.398" asserts="0">
                                <results>
                                  <test-case name="OpenSim.Region.CoreModules.Framework.InventoryAccess.Tests.HGAssetMapperTests.TestPostAssetRewrite" executed="True" result="Success" success="True" time="0.397" asserts="9" />
                                </results>
                              </test-suite>
                              <test-suite type="TestFixture" name="InventoryAccessModuleTests" executed="True" result="Success" success="True" time="0.030" asserts="0">
                                <results>
                                  <test-case name="OpenSim.Region.CoreModules.Framework.InventoryAccess.Tests.InventoryAccessModuleTests.TestRezCoalescedObject" executed="True" result="Success" success="True" time="0.009" asserts="0" />
                                  <test-case name="OpenSim.Region.CoreModules.Framework.InventoryAccess.Tests.InventoryAccessModuleTests.TestRezObject" executed="True" result="Success" success="True" time="0.020" asserts="2" />
                                </results>
                              </test-suite>
                            </results>
                          </test-suite>
                        </results>
                      </test-suite>
                      <test-suite type="Namespace" name="UserManagement" executed="True" result="Success" success="True" time="0.524" asserts="0">
                        <results>
                          <test-suite type="Namespace" name="Tests" executed="True" result="Success" success="True" time="0.524" asserts="0">
                            <results>
                              <test-suite type="TestFixture" name="HGUserManagementModuleTests" executed="True" result="Success" success="True" time="0.524" asserts="0">
                                <results>
                                  <test-case name="OpenSim.Region.CoreModules.Framework.UserManagement.Tests.HGUserManagementModuleTests.TestCachedUserNameForNewAgent" executed="True" result="Success" success="True" time="0.524" asserts="1" />
                                </results>
                              </test-suite>
                            </results>
                          </test-suite>
                        </results>
                      </test-suite>
                    </results>
                  </test-suite>
                  <test-suite type="Namespace" name="Scripting" executed="True" result="Success" success="True" time="1.064" asserts="0">
                    <results>
                      <test-suite type="Namespace" name="HttpRequest" executed="True" result="Inconclusive" success="False" time="0.000" asserts="0">
                        <results>
                          <test-suite type="Namespace" name="Tests" executed="True" result="Inconclusive" success="False" time="0.000" asserts="0">
                            <results>
                              <test-suite type="TestFixture" name="ScriptsHttpRequestsTests" executed="True" result="Inconclusive" success="False" time="0.000" asserts="0" />
                            </results>
                          </test-suite>
                        </results>
                      </test-suite>
                      <test-suite type="Namespace" name="VectorRender" executed="True" result="Success" success="True" time="1.061" asserts="0">
                        <results>
                          <test-suite type="Namespace" name="Tests" executed="True" result="Success" success="True" time="1.061" asserts="0">
                            <results>
                              <test-suite type="TestFixture" name="VectorRenderModuleTests" executed="True" result="Success" success="True" time="1.061" asserts="0">
                                <results>
                                  <test-case name="OpenSim.Region.CoreModules.Scripting.VectorRender.Tests.VectorRenderModuleTests.TestDraw" executed="True" result="Success" success="True" time="0.065" asserts="1" />
                                  <test-case name="OpenSim.Region.CoreModules.Scripting.VectorRender.Tests.VectorRenderModuleTests.TestDrawReusingTexture" executed="True" result="Success" success="True" time="0.034" asserts="1" />
                                  <test-case name="OpenSim.Region.CoreModules.Scripting.VectorRender.Tests.VectorRenderModuleTests.TestRepeatSameDraw" executed="True" result="Success" success="True" time="0.060" asserts="1" />
                                  <test-case name="OpenSim.Region.CoreModules.Scripting.VectorRender.Tests.VectorRenderModuleTests.TestRepeatSameDrawContainingImage" executed="True" result="Success" success="True" time="0.136" asserts="1" />
                                  <test-case name="OpenSim.Region.CoreModules.Scripting.VectorRender.Tests.VectorRenderModuleTests.TestRepeatSameDrawContainingImageReusingTexture" executed="True" result="Success" success="True" time="0.064" asserts="1" />
                                  <test-case name="OpenSim.Region.CoreModules.Scripting.VectorRender.Tests.VectorRenderModuleTests.TestRepeatSameDrawDifferentExtraParams" executed="True" result="Success" success="True" time="0.061" asserts="1" />
                                  <test-case name="OpenSim.Region.CoreModules.Scripting.VectorRender.Tests.VectorRenderModuleTests.TestRepeatSameDrawDifferentExtraParamsReusingTexture" executed="True" result="Success" success="True" time="0.060" asserts="1" />
                                  <test-case name="OpenSim.Region.CoreModules.Scripting.VectorRender.Tests.VectorRenderModuleTests.TestRepeatSameDrawLowDataTexture" executed="True" result="Success" success="True" time="0.541" asserts="1" />
                                  <test-case name="OpenSim.Region.CoreModules.Scripting.VectorRender.Tests.VectorRenderModuleTests.TestRepeatSameDrawReusingTexture" executed="True" result="Success" success="True" time="0.033" asserts="1" />
                                </results>
                              </test-suite>
                            </results>
                          </test-suite>
                        </results>
                      </test-suite>
                    </results>
                  </test-suite>
                  <test-suite type="Namespace" name="ServiceConnectorsOut" executed="True" result="Success" success="True" time="0.037" asserts="0">
                    <results>
                      <test-suite type="Namespace" name="Asset" executed="True" result="Success" success="True" time="0.010" asserts="0">
                        <results>
                          <test-suite type="Namespace" name="Tests" executed="True" result="Success" success="True" time="0.010" asserts="0">
                            <results>
                              <test-suite type="TestFixture" name="AssetConnectorTests" executed="True" result="Success" success="True" time="0.010" asserts="0">
                                <results>
                                  <test-case name="OpenSim.Region.CoreModules.ServiceConnectorsOut.Asset.Tests.AssetConnectorTests.TestAddAsset" executed="True" result="Success" success="True" time="0.003" asserts="5" />
                                  <test-case name="OpenSim.Region.CoreModules.ServiceConnectorsOut.Asset.Tests.AssetConnectorTests.TestAddLocalAsset" executed="True" result="Success" success="True" time="0.003" asserts="3" />
                                  <test-case name="OpenSim.Region.CoreModules.ServiceConnectorsOut.Asset.Tests.AssetConnectorTests.TestAddTemporaryLocalAsset" executed="True" result="Success" success="True" time="0.003" asserts="3" />
                                </results>
                              </test-suite>
                            </results>
                          </test-suite>
                        </results>
                      </test-suite>
                      <test-suite type="Namespace" name="Grid" executed="True" result="Success" success="True" time="0.015" asserts="0">
                        <results>
                          <test-suite type="Namespace" name="Tests" executed="True" result="Success" success="True" time="0.015" asserts="0">
                            <results>
                              <test-suite type="TestFixture" name="GridConnectorsTests" executed="True" result="Success" success="True" time="0.015" asserts="0">
                                <results>
                                  <test-case name="OpenSim.Region.CoreModules.ServiceConnectorsOut.Grid.Tests.GridConnectorsTests.TestRegisterRegion" executed="True" result="Success" success="True" time="0.014" asserts="39" />
                                </results>
                              </test-suite>
                            </results>
                          </test-suite>
                        </results>
                      </test-suite>
                      <test-suite type="Namespace" name="Presence" executed="True" result="Success" success="True" time="0.005" asserts="0">
                        <results>
                          <test-suite type="Namespace" name="Tests" executed="True" result="Success" success="True" time="0.005" asserts="0">
                            <results>
                              <test-suite type="TestFixture" name="PresenceConnectorsTests" executed="True" result="Success" success="True" time="0.005" asserts="0">
                                <results>
                                  <test-case name="OpenSim.Region.CoreModules.ServiceConnectorsOut.Presence.Tests.PresenceConnectorsTests.TestPresenceV0_1" executed="True" result="Success" success="True" time="0.004" asserts="9" />
                                </results>
                              </test-suite>
                            </results>
                          </test-suite>
                        </results>
                      </test-suite>
                    </results>
                  </test-suite>
                  <test-suite type="Namespace" name="Terrain" executed="True" result="Success" success="True" time="0.030" asserts="0">
                    <results>
                      <test-suite type="Namespace" name="Tests" executed="True" result="Success" success="True" time="0.030" asserts="0">
                        <results>
                          <test-suite type="TestFixture" name="TerrainModuleTests" executed="True" result="Success" success="True" time="0.030" asserts="0">
                            <results>
                              <test-case name="OpenSim.Region.CoreModules.Terrain.Tests.TerrainModuleTests.TestTerrainFill" executed="True" result="Success" success="True" time="0.030" asserts="2" />
                            </results>
                          </test-suite>
                        </results>
                      </test-suite>
                    </results>
                  </test-suite>
                  <test-suite type="Namespace" name="World" executed="True" result="Success" success="True" time="1.506" asserts="0">
                    <results>
                      <test-suite type="Namespace" name="Archiver" executed="True" result="Success" success="True" time="1.152" asserts="0">
                        <results>
                          <test-suite type="Namespace" name="Tests" executed="True" result="Success" success="True" time="1.152" asserts="0">
                            <results>
                              <test-suite type="TestFixture" name="ArchiverTests" executed="True" result="Success" success="True" time="1.152" asserts="0">
                                <results>
                                  <test-case name="OpenSim.Region.CoreModules.World.Archiver.Tests.ArchiverTests.TestLoadMultiRegionOar" executed="True" result="Success" success="True" time="0.737" asserts="14" />
                                  <test-case name="OpenSim.Region.CoreModules.World.Archiver.Tests.ArchiverTests.TestLoadOar" executed="True" result="Success" success="True" time="0.145" asserts="13" />
                                  <test-case name="OpenSim.Region.CoreModules.World.Archiver.Tests.ArchiverTests.TestLoadOarDeededLand" executed="True" result="Success" success="True" time="0.049" asserts="4" />
                                  <test-case name="OpenSim.Region.CoreModules.World.Archiver.Tests.ArchiverTests.TestLoadOarRegionSettings" executed="True" result="Success" success="True" time="0.024" asserts="33" />
                                  <test-case name="OpenSim.Region.CoreModules.World.Archiver.Tests.ArchiverTests.TestLoadOarUnorderedParts" executed="True" result="Success" success="True" time="0.014" asserts="3" />
                                  <test-case name="OpenSim.Region.CoreModules.World.Archiver.Tests.ArchiverTests.TestLoadPublishedOar" executed="True" result="Success" success="True" time="0.054" asserts="4" />
                                  <test-case name="OpenSim.Region.CoreModules.World.Archiver.Tests.ArchiverTests.TestSaveMultiRegionOar" executed="True" result="Success" success="True" time="0.077" asserts="49" />
                                  <test-case name="OpenSim.Region.CoreModules.World.Archiver.Tests.ArchiverTests.TestSaveOar" executed="True" result="Success" success="True" time="0.022" asserts="6" />
                                  <test-case name="OpenSim.Region.CoreModules.World.Archiver.Tests.ArchiverTests.TestSaveOarNoAssets" executed="True" result="Success" success="True" time="0.023" asserts="4" />
                                </results>
                              </test-suite>
                            </results>
                          </test-suite>
                        </results>
                      </test-suite>
                      <test-suite type="Namespace" name="Land" executed="True" result="Success" success="True" time="0.223" asserts="0">
                        <results>
                          <test-suite type="Namespace" name="Tests" executed="True" result="Success" success="True" time="0.223" asserts="0">
                            <results>
                              <test-suite type="TestFixture" name="LandManagementModuleTests" executed="True" result="Success" success="True" time="0.078" asserts="0">
                                <results>
                                  <test-case name="OpenSim.Region.CoreModules.World.Land.Tests.LandManagementModuleTests.TestAddLandObject" executed="True" result="Success" success="True" time="0.011" asserts="4" />
                                  <test-case name="OpenSim.Region.CoreModules.World.Land.Tests.LandManagementModuleTests.TestLoad" executed="True" result="Success" success="True" time="0.013" asserts="4" />
                                  <test-case name="OpenSim.Region.CoreModules.World.Land.Tests.LandManagementModuleTests.TestLoadWithMultiplePartialCoveringParcels" executed="True" result="Success" success="True" time="0.013" asserts="8" />
                                  <test-case name="OpenSim.Region.CoreModules.World.Land.Tests.LandManagementModuleTests.TestLoadWithNoParcels" executed="True" result="Success" success="True" time="0.011" asserts="4" />
                                  <test-case name="OpenSim.Region.CoreModules.World.Land.Tests.LandManagementModuleTests.TestLoadWithSinglePartialCoveringParcel" executed="True" result="Success" success="True" time="0.012" asserts="4" />
                                  <test-case name="OpenSim.Region.CoreModules.World.Land.Tests.LandManagementModuleTests.TestSubdivide" executed="True" result="Success" success="True" time="0.016" asserts="4" />
                                </results>
                              </test-suite>
                              <test-suite type="TestFixture" name="PrimCountModuleTests" executed="True" result="Success" success="True" time="0.142" asserts="0">
                                <results>
                                  <test-case name="OpenSim.Region.CoreModules.World.Land.Tests.PrimCountModuleTests.TestAddGroupObject" executed="True" result="Success" success="True" time="0.023" asserts="9" />
                                  <test-case name="OpenSim.Region.CoreModules.World.Land.Tests.PrimCountModuleTests.TestAddOthersObject" executed="True" result="Success" success="True" time="0.011" asserts="8" />
                                  <test-case name="OpenSim.Region.CoreModules.World.Land.Tests.PrimCountModuleTests.TestAddOwnerObject" executed="True" result="Success" success="True" time="0.011" asserts="16" />
                                  <test-case name="OpenSim.Region.CoreModules.World.Land.Tests.PrimCountModuleTests.TestCopyOwnerObject" executed="True" result="Success" success="True" time="0.016" asserts="8" />
                                  <test-case name="OpenSim.Region.CoreModules.World.Land.Tests.PrimCountModuleTests.TestInitialCounts" executed="True" result="Success" success="True" time="0.009" asserts="8" />
                                  <test-case name="OpenSim.Region.CoreModules.World.Land.Tests.PrimCountModuleTests.TestMoveOwnerObject" executed="True" result="Success" success="True" time="0.014" asserts="32" />
                                  <test-case name="OpenSim.Region.CoreModules.World.Land.Tests.PrimCountModuleTests.TestRemoveGroupObject" executed="True" result="Success" success="True" time="0.015" asserts="9" />
                                  <test-case name="OpenSim.Region.CoreModules.World.Land.Tests.PrimCountModuleTests.TestRemoveOthersObject" executed="True" result="Success" success="True" time="0.015" asserts="8" />
                                  <test-case name="OpenSim.Region.CoreModules.World.Land.Tests.PrimCountModuleTests.TestRemoveOwnerObject" executed="True" result="Success" success="True" time="0.011" asserts="8" />
                                  <test-case name="OpenSim.Region.CoreModules.World.Land.Tests.PrimCountModuleTests.TestTaint" executed="True" result="Success" success="True" time="0.011" asserts="8" />
                                </results>
                              </test-suite>
                            </results>
                          </test-suite>
                        </results>
                      </test-suite>
                      <test-suite type="Namespace" name="Media" executed="True" result="Success" success="True" time="0.023" asserts="0">
                        <results>
                          <test-suite type="Namespace" name="Moap" executed="True" result="Success" success="True" time="0.023" asserts="0">
                            <results>
                              <test-suite type="Namespace" name="Tests" executed="True" result="Success" success="True" time="0.022" asserts="0">
                                <results>
                                  <test-suite type="TestFixture" name="MoapTests" executed="True" result="Success" success="True" time="0.022" asserts="0">
                                    <results>
                                      <test-case name="OpenSim.Region.CoreModules.World.Media.Moap.Tests.MoapTests.TestClearMediaUrl" executed="True" result="Success" success="True" time="0.012" asserts="3" />
                                      <test-case name="OpenSim.Region.CoreModules.World.Media.Moap.Tests.MoapTests.TestSetMediaUrl" executed="True" result="Success" success="True" time="0.009" asserts="3" />
                                    </results>
                                  </test-suite>
                                </results>
                              </test-suite>
                            </results>
                          </test-suite>
                        </results>
                      </test-suite>
                      <test-suite type="Namespace" name="Serialiser" executed="True" result="Success" success="True" time="0.059" asserts="0">
                        <results>
                          <test-suite type="Namespace" name="Tests" executed="True" result="Success" success="True" time="0.059" asserts="0">
                            <results>
                              <test-suite type="TestFixture" name="SerialiserTests" executed="True" result="Success" success="True" time="0.059" asserts="0">
                                <results>
                                  <test-case name="OpenSim.Region.CoreModules.World.Serialiser.Tests.SerialiserTests.TestDeserializeBadFloatsXml" executed="True" result="Success" success="True" time="0.007" asserts="7" />
                                  <test-case name="OpenSim.Region.CoreModules.World.Serialiser.Tests.SerialiserTests.TestDeserializeXml2" executed="True" result="Success" success="True" time="0.009" asserts="4" />
                                  <test-case name="OpenSim.Region.CoreModules.World.Serialiser.Tests.SerialiserTests.TestDeserializeXmlObjectWithNoOtherParts" executed="True" result="Success" success="True" time="0.017" asserts="4" />
                                  <test-case name="OpenSim.Region.CoreModules.World.Serialiser.Tests.SerialiserTests.TestDeserializeXmlObjectWithOtherParts" executed="True" result="Success" success="True" time="0.006" asserts="11" />
                                  <test-case name="OpenSim.Region.CoreModules.World.Serialiser.Tests.SerialiserTests.TestSerializeXml" executed="True" result="Success" success="True" time="0.007" asserts="5" />
                                  <test-case name="OpenSim.Region.CoreModules.World.Serialiser.Tests.SerialiserTests.TestSerializeXml2" executed="True" result="Success" success="True" time="0.003" asserts="5" />
                                </results>
                              </test-suite>
                            </results>
                          </test-suite>
                        </results>
                      </test-suite>
                      <test-suite type="Namespace" name="Terrain" executed="True" result="Success" success="True" time="0.021" asserts="0">
                        <results>
                          <test-suite type="Namespace" name="Tests" executed="True" result="Success" success="True" time="0.021" asserts="0">
                            <results>
                              <test-suite type="TestFixture" name="TerrainTest" executed="True" result="Success" success="True" time="0.021" asserts="0">
                                <results>
                                  <test-case name="OpenSim.Region.CoreModules.World.Terrain.Tests.TerrainTest.BrushTest" executed="True" result="Success" success="True" time="0.013" asserts="9" />
                                  <test-case name="OpenSim.Region.CoreModules.World.Terrain.Tests.TerrainTest.TerrainChannelTest" executed="True" result="Success" success="True" time="0.006" asserts="8" />
                                </results>
                              </test-suite>
                            </results>
                          </test-suite>
                        </results>
                      </test-suite>
                    </results>
                  </test-suite>
                </results>
              </test-suite>
            </results>
          </test-suite>
        </results>
      </test-suite>
    </results>
  </test-suite>
</test-results>