<?xml version="1.0" encoding="utf-8" standalone="no"?>
<!--This file represents the results of running a test suite-->
<test-results name="/home/test/opensim/bin/OpenSim.Region.ClientStack.LindenUDP.Tests.dll" total="3" errors="0" failures="0" not-run="0" inconclusive="0" ignored="0" skipped="0" invalid="0" date="2017-08-14" time="21:13:21">
  <environment nunit-version="2.6.4.0" clr-version="4.0.30319.42000" os-version="Unix 4.10.0.28" platform="Unix" cwd="/home/test/opensim" machine-name="regions5.opensim.life" user="root" user-domain="regions5.opensim.life" />
  <culture-info current-culture="en-US" current-uiculture="en-US" />
  <test-suite type="Assembly" name="/home/test/opensim/bin/OpenSim.Region.ClientStack.LindenUDP.Tests.dll" executed="True" result="Success" success="True" time="0.550" asserts="0">
    <results>
      <test-suite type="Namespace" name="OpenSim" executed="True" result="Success" success="True" time="0.545" asserts="0">
        <results>
          <test-suite type="Namespace" name="Region" executed="True" result="Success" success="True" time="0.545" asserts="0">
            <results>
              <test-suite type="Namespace" name="ClientStack" executed="True" result="Success" success="True" time="0.545" asserts="0">
                <results>
                  <test-suite type="Namespace" name="LindenUDP" executed="True" result="Success" success="True" time="0.544" asserts="0">
                    <results>
                      <test-suite type="Namespace" name="Tests" executed="True" result="Success" success="True" time="0.544" asserts="0">
                        <results>
                          <test-suite type="TestFixture" name="BasicCircuitTests" executed="True" result="Inconclusive" success="False" time="0.078" asserts="0" />
                          <test-suite type="TestFixture" name="LLImageManagerTests" executed="True" result="Success" success="True" time="0.459" asserts="0">
                            <results>
                              <test-case name="OpenSim.Region.ClientStack.LindenUDP.Tests.LLImageManagerTests.TestDiscardImage" executed="True" result="Success" success="True" time="0.425" asserts="1" />
                              <test-case name="OpenSim.Region.ClientStack.LindenUDP.Tests.LLImageManagerTests.TestMissingImage" executed="True" result="Success" success="True" time="0.012" asserts="2" />
                              <test-case name="OpenSim.Region.ClientStack.LindenUDP.Tests.LLImageManagerTests.TestSendImage" executed="True" result="Success" success="True" time="0.011" asserts="1" />
                            </results>
                          </test-suite>
                          <test-suite type="TestFixture" name="PacketHandlerTests" executed="True" result="Inconclusive" success="False" time="0.000" asserts="0" />
                        </results>
                      </test-suite>
                    </results>
                  </test-suite>
                </results>
              </test-suite>
            </results>
          </test-suite>
        </results>
      </test-suite>
    </results>
  </test-suite>
</test-results>