<?xml version="1.0" encoding="utf-8" standalone="no"?>
<!--This file represents the results of running a test suite-->
<test-results name="/home/test/opensim/bin/OpenSim.Region.Framework.Tests.dll" total="82" errors="0" failures="0" not-run="0" inconclusive="0" ignored="0" skipped="0" invalid="0" date="2017-08-14" time="21:17:11">
  <environment nunit-version="2.6.4.0" clr-version="4.0.30319.42000" os-version="Unix 4.10.0.28" platform="Unix" cwd="/home/test/opensim" machine-name="regions5.opensim.life" user="root" user-domain="regions5.opensim.life" />
  <culture-info current-culture="en-US" current-uiculture="en-US" />
  <test-suite type="Assembly" name="/home/test/opensim/bin/OpenSim.Region.Framework.Tests.dll" executed="True" result="Success" success="True" time="103.982" asserts="0">
    <results>
      <test-suite type="Namespace" name="OpenSim" executed="True" result="Success" success="True" time="103.977" asserts="0">
        <results>
          <test-suite type="Namespace" name="Region" executed="True" result="Success" success="True" time="103.977" asserts="0">
            <results>
              <test-suite type="Namespace" name="Framework" executed="True" result="Success" success="True" time="103.977" asserts="0">
                <results>
                  <test-suite type="Namespace" name="Scenes" executed="True" result="Success" success="True" time="102.809" asserts="0">
                    <results>
                      <test-suite type="Namespace" name="Tests" executed="True" result="Success" success="True" time="102.809" asserts="0">
                        <results>
                          <test-suite type="TestFixture" name="EntityManagerTests" executed="True" result="Success" success="True" time="1.190" asserts="0">
                            <categories>
                              <category name="Long Running Test" />
                            </categories>
                            <results>
                              <test-case name="OpenSim.Region.Framework.Scenes.Tests.EntityManagerTests.T010_AddObjects" executed="True" result="Success" success="True" time="0.086" asserts="8" />
                              <test-case name="OpenSim.Region.Framework.Scenes.Tests.EntityManagerTests.T011_ThreadAddRemoveTest" executed="True" result="Success" success="True" time="0.704" asserts="14" />
                            </results>
                          </test-suite>
                          <test-suite type="TestFixture" name="SceneGraphTests" executed="True" result="Success" success="True" time="0.036" asserts="0">
                            <results>
                              <test-case name="OpenSim.Region.Framework.Scenes.Tests.SceneGraphTests.TestDuplicateObject" executed="True" result="Success" success="True" time="0.036" asserts="5" />
                            </results>
                          </test-suite>
                          <test-suite type="TestFixture" name="SceneManagerTests" executed="True" result="Success" success="True" time="0.520" asserts="0">
                            <results>
                              <test-case name="OpenSim.Region.Framework.Scenes.Tests.SceneManagerTests.TestClose" executed="True" result="Success" success="True" time="0.519" asserts="1" />
                            </results>
                          </test-suite>
                          <test-suite type="TestFixture" name="SceneObjectBasicTests" executed="True" result="Success" success="True" time="0.049" asserts="0">
                            <results>
                              <test-case name="OpenSim.Region.Framework.Scenes.Tests.SceneObjectBasicTests.TestAddExistingSceneObjectUuid" executed="True" result="Success" success="True" time="0.011" asserts="4" />
                              <test-case name="OpenSim.Region.Framework.Scenes.Tests.SceneObjectBasicTests.TestAddSceneObject" executed="True" result="Success" success="True" time="0.010" asserts="8" />
                              <test-case name="OpenSim.Region.Framework.Scenes.Tests.SceneObjectBasicTests.TestChangeSceneObjectUuid" executed="True" result="Success" success="True" time="0.002" asserts="6" />
                              <test-case name="OpenSim.Region.Framework.Scenes.Tests.SceneObjectBasicTests.TestDeleteSceneObject" executed="True" result="Success" success="True" time="0.015" asserts="2" />
                              <test-case name="OpenSim.Region.Framework.Scenes.Tests.SceneObjectBasicTests.TestGetSceneObjectByPartLocalId" executed="True" result="Success" success="True" time="0.009" asserts="5" />
                            </results>
                          </test-suite>
                          <test-suite type="TestFixture" name="SceneObjectCrossingTests" executed="True" result="Success" success="True" time="4.623" asserts="0">
                            <results>
                              <test-case name="OpenSim.Region.Framework.Scenes.Tests.SceneObjectCrossingTests.TestCrossOnSameSimulator" executed="True" result="Success" success="True" time="0.522" asserts="2" />
                              <test-case name="OpenSim.Region.Framework.Scenes.Tests.SceneObjectCrossingTests.TestCrossOnSameSimulatorPrimLimitsOkay" executed="True" result="Success" success="True" time="1.860" asserts="2" />
                              <test-case name="OpenSim.Region.Framework.Scenes.Tests.SceneObjectCrossingTests.TestCrossOnSameSimulatorWithSittingAvatar" executed="True" result="Success" success="True" time="2.240" asserts="12" />
                            </results>
                          </test-suite>
                          <test-suite type="TestFixture" name="SceneObjectDeRezTests" executed="True" result="Success" success="True" time="3.330" asserts="0">
                            <results>
                              <test-case name="OpenSim.Region.Framework.Scenes.Tests.SceneObjectDeRezTests.TestDeleteSceneObjectAsyncToUserInventory" executed="True" result="Success" success="True" time="0.576" asserts="3" />
                              <test-case name="OpenSim.Region.Framework.Scenes.Tests.SceneObjectDeRezTests.TestDeRezSceneObject" executed="True" result="Success" success="True" time="0.521" asserts="1" />
                              <test-case name="OpenSim.Region.Framework.Scenes.Tests.SceneObjectDeRezTests.TestDeRezSceneObjectNotOwner" executed="True" result="Success" success="True" time="0.511" asserts="1" />
                              <test-case name="OpenSim.Region.Framework.Scenes.Tests.SceneObjectDeRezTests.TestDeRezSceneObjectToAgents" executed="True" result="Success" success="True" time="1.719" asserts="0" />
                            </results>
                          </test-suite>
                          <test-suite type="TestFixture" name="SceneObjectLinkingTests" executed="True" result="Success" success="True" time="0.071" asserts="0">
                            <results>
                              <test-case name="OpenSim.Region.Framework.Scenes.Tests.SceneObjectLinkingTests.TestDelinkPersistence" executed="True" result="Success" success="True" time="0.020" asserts="4" />
                              <test-case name="OpenSim.Region.Framework.Scenes.Tests.SceneObjectLinkingTests.TestLinkDelink2groups4SceneObjects" executed="True" result="Success" success="True" time="0.014" asserts="12" />
                              <test-case name="OpenSim.Region.Framework.Scenes.Tests.SceneObjectLinkingTests.TestLinkDelink2SceneObjects" executed="True" result="Success" success="True" time="0.010" asserts="12" />
                              <test-case name="OpenSim.Region.Framework.Scenes.Tests.SceneObjectLinkingTests.TestLinkToSelf" executed="True" result="Success" success="True" time="0.011" asserts="1" />
                              <test-case name="OpenSim.Region.Framework.Scenes.Tests.SceneObjectLinkingTests.TestNewSceneObjectLinkPersistence" executed="True" result="Success" success="True" time="0.013" asserts="4" />
                            </results>
                          </test-suite>
                          <test-suite type="TestFixture" name="SceneObjectResizeTests" executed="True" result="Success" success="True" time="0.021" asserts="0">
                            <results>
                              <test-case name="OpenSim.Region.Framework.Scenes.Tests.SceneObjectResizeTests.TestResizeSceneObject" executed="True" result="Success" success="True" time="0.011" asserts="3" />
                              <test-case name="OpenSim.Region.Framework.Scenes.Tests.SceneObjectResizeTests.TestResizeSceneObjectPart" executed="True" result="Success" success="True" time="0.009" asserts="6" />
                            </results>
                          </test-suite>
                          <test-suite type="TestFixture" name="SceneObjectScriptTests" executed="True" result="Success" success="True" time="0.018" asserts="0">
                            <results>
                              <test-case name="OpenSim.Region.Framework.Scenes.Tests.SceneObjectScriptTests.TestAddScript" executed="True" result="Success" success="True" time="0.017" asserts="4" />
                            </results>
                          </test-suite>
                          <test-suite type="TestFixture" name="SceneObjectSerializationTests" executed="True" result="Success" success="True" time="0.052" asserts="0">
                            <results>
                              <test-case name="OpenSim.Region.Framework.Scenes.Tests.SceneObjectSerializationTests.TestNamespaceAttribute" executed="True" result="Success" success="True" time="0.040" asserts="8" />
                              <test-case name="OpenSim.Region.Framework.Scenes.Tests.SceneObjectSerializationTests.TestSerialDeserial" executed="True" result="Success" success="True" time="0.011" asserts="5" />
                            </results>
                          </test-suite>
                          <test-suite type="TestFixture" name="SceneObjectSpatialTests" executed="True" result="Success" success="True" time="0.040" asserts="0">
                            <results>
                              <test-case name="OpenSim.Region.Framework.Scenes.Tests.SceneObjectSpatialTests.TestGetChildPartPosition" executed="True" result="Success" success="True" time="0.010" asserts="5" />
                              <test-case name="OpenSim.Region.Framework.Scenes.Tests.SceneObjectSpatialTests.TestGetChildPartPositionAfterObjectRotation" executed="True" result="Success" success="True" time="0.011" asserts="5" />
                              <test-case name="OpenSim.Region.Framework.Scenes.Tests.SceneObjectSpatialTests.TestGetRootPartPosition" executed="True" result="Success" success="True" time="0.009" asserts="5" />
                              <test-case name="OpenSim.Region.Framework.Scenes.Tests.SceneObjectSpatialTests.TestGetSceneObjectGroupPosition" executed="True" result="Success" success="True" time="0.009" asserts="1" />
                            </results>
                          </test-suite>
                          <test-suite type="TestFixture" name="SceneObjectStatusTests" executed="True" result="Success" success="True" time="0.090" asserts="0">
                            <results>
                              <test-case name="OpenSim.Region.Framework.Scenes.Tests.SceneObjectStatusTests.TestLinkPhysicsBothPhysical" executed="True" result="Success" success="True" time="0.011" asserts="2" />
                              <test-case name="OpenSim.Region.Framework.Scenes.Tests.SceneObjectStatusTests.TestLinkPhysicsChildPhysicalOnly" executed="True" result="Success" success="True" time="0.009" asserts="2" />
                              <test-case name="OpenSim.Region.Framework.Scenes.Tests.SceneObjectStatusTests.TestLinkPhysicsRootPhysicalOnly" executed="True" result="Success" success="True" time="0.011" asserts="2" />
                              <test-case name="OpenSim.Region.Framework.Scenes.Tests.SceneObjectStatusTests.TestSetNonPhysicsVolumeDetectSinglePrim" executed="True" result="Success" success="True" time="0.010" asserts="3" />
                              <test-case name="OpenSim.Region.Framework.Scenes.Tests.SceneObjectStatusTests.TestSetPhantomSinglePrim" executed="True" result="Success" success="True" time="0.008" asserts="3" />
                              <test-case name="OpenSim.Region.Framework.Scenes.Tests.SceneObjectStatusTests.TestSetPhysicsLinkset" executed="True" result="Success" success="True" time="0.009" asserts="6" />
                              <test-case name="OpenSim.Region.Framework.Scenes.Tests.SceneObjectStatusTests.TestSetPhysicsSinglePrim" executed="True" result="Success" success="True" time="0.008" asserts="3" />
                              <test-case name="OpenSim.Region.Framework.Scenes.Tests.SceneObjectStatusTests.TestSetPhysicsVolumeDetectSinglePrim" executed="True" result="Success" success="True" time="0.008" asserts="3" />
                              <test-case name="OpenSim.Region.Framework.Scenes.Tests.SceneObjectStatusTests.TestSetTemporary" executed="True" result="Success" success="True" time="0.009" asserts="4" />
                            </results>
                          </test-suite>
                          <test-suite type="TestFixture" name="SceneObjectUserGroupTests" executed="True" result="Success" success="True" time="0.529" asserts="0">
                            <results>
                              <test-case name="OpenSim.Region.Framework.Scenes.Tests.SceneObjectUserGroupTests.TestShareWithGroup" executed="True" result="Success" success="True" time="0.529" asserts="0" />
                            </results>
                          </test-suite>
                          <test-suite type="TestFixture" name="ScenePresenceAgentTests" executed="True" result="Success" success="True" time="2.589" asserts="0">
                            <results>
                              <test-case name="OpenSim.Region.Framework.Scenes.Tests.ScenePresenceAgentTests.TestChildAgentEstablishedInNeighbour" executed="True" result="Success" success="True" time="0.018" asserts="0" />
                              <test-case name="OpenSim.Region.Framework.Scenes.Tests.ScenePresenceAgentTests.TestCloseClient" executed="True" result="Success" success="True" time="0.521" asserts="3" />
                              <test-case name="OpenSim.Region.Framework.Scenes.Tests.ScenePresenceAgentTests.TestCreateChildScenePresence" executed="True" result="Success" success="True" time="0.011" asserts="8" />
                              <test-case name="OpenSim.Region.Framework.Scenes.Tests.ScenePresenceAgentTests.TestCreateDuplicateRootScenePresence" executed="True" result="Success" success="True" time="1.013" asserts="5" />
                              <test-case name="OpenSim.Region.Framework.Scenes.Tests.ScenePresenceAgentTests.TestCreateRootScenePresence" executed="True" result="Success" success="True" time="0.514" asserts="6" />
                              <test-case name="OpenSim.Region.Framework.Scenes.Tests.ScenePresenceAgentTests.TestDupeCompleteMovementCalls" executed="True" result="Success" success="True" time="0.509" asserts="7" />
                            </results>
                          </test-suite>
                          <test-suite type="TestFixture" name="ScenePresenceAnimationTests" executed="True" result="Success" success="True" time="0.511" asserts="0">
                            <results>
                              <test-case name="OpenSim.Region.Framework.Scenes.Tests.ScenePresenceAnimationTests.TestFlyingAnimation" executed="True" result="Success" success="True" time="0.511" asserts="1" />
                            </results>
                          </test-suite>
                          <test-suite type="TestFixture" name="ScenePresenceAutopilotTests" executed="True" result="Success" success="True" time="2.605" asserts="0">
                            <results>
                              <test-case name="OpenSim.Region.Framework.Scenes.Tests.ScenePresenceAutopilotTests.TestMove" executed="True" result="Success" success="True" time="2.605" asserts="18" />
                            </results>
                          </test-suite>
                          <test-suite type="TestFixture" name="ScenePresenceCapabilityTests" executed="True" result="Success" success="True" time="0.016" asserts="0">
                            <results>
                              <test-case name="OpenSim.Region.Framework.Scenes.Tests.ScenePresenceCapabilityTests.TestChildAgentSingleRegionCapabilities" executed="True" result="Success" success="True" time="0.016" asserts="0" />
                            </results>
                          </test-suite>
                          <test-suite type="TestFixture" name="ScenePresenceCrossingTests" executed="True" result="Success" success="True" time="30.855" asserts="0">
                            <results>
                              <test-case name="OpenSim.Region.Framework.Scenes.Tests.ScenePresenceCrossingTests.TestCrossOnSameSimulator" executed="True" result="Success" success="True" time="10.426" asserts="4" />
                              <test-case name="OpenSim.Region.Framework.Scenes.Tests.ScenePresenceCrossingTests.TestCrossOnSameSimulatorNoRootDestPerm" executed="True" result="Success" success="True" time="20.428" asserts="4" />
                            </results>
                          </test-suite>
                          <test-suite type="TestFixture" name="ScenePresenceSitTests" executed="True" result="Success" success="True" time="3.070" asserts="0">
                            <results>
                              <test-case name="OpenSim.Region.Framework.Scenes.Tests.ScenePresenceSitTests.TestSitAndStandOnGround" executed="True" result="Success" success="True" time="0.511" asserts="4" />
                              <test-case name="OpenSim.Region.Framework.Scenes.Tests.ScenePresenceSitTests.TestSitAndStandWithNoSitTarget" executed="True" result="Success" success="True" time="0.511" asserts="6" />
                              <test-case name="OpenSim.Region.Framework.Scenes.Tests.ScenePresenceSitTests.TestSitAndStandWithNoSitTargetChildPrim" executed="True" result="Success" success="True" time="0.510" asserts="6" />
                              <test-case name="OpenSim.Region.Framework.Scenes.Tests.ScenePresenceSitTests.TestSitAndStandWithSitTarget" executed="True" result="Success" success="True" time="0.511" asserts="0" />
                              <test-case name="OpenSim.Region.Framework.Scenes.Tests.ScenePresenceSitTests.TestSitOutsideRangeNoTarget" executed="True" result="Success" success="True" time="0.512" asserts="5" />
                              <test-case name="OpenSim.Region.Framework.Scenes.Tests.ScenePresenceSitTests.TestSitWithinRangeNoTarget" executed="True" result="Success" success="True" time="0.511" asserts="7" />
                            </results>
                          </test-suite>
                          <test-suite type="TestFixture" name="ScenePresenceTeleportTests" executed="True" result="Success" success="True" time="50.814" asserts="0">
                            <results>
                              <test-case name="OpenSim.Region.Framework.Scenes.Tests.ScenePresenceTeleportTests.TestSameRegion" executed="True" result="Success" success="True" time="0.513" asserts="3" />
                              <test-case name="OpenSim.Region.Framework.Scenes.Tests.ScenePresenceTeleportTests.TestSameSimulatorIsolatedRegions_DeniedOnCreateAgent" executed="True" result="Success" success="True" time="0.521" asserts="8" />
                              <test-case name="OpenSim.Region.Framework.Scenes.Tests.ScenePresenceTeleportTests.TestSameSimulatorIsolatedRegions_DeniedOnQueryAccess" executed="True" result="Success" success="True" time="0.515" asserts="8" />
                              <test-case name="OpenSim.Region.Framework.Scenes.Tests.ScenePresenceTeleportTests.TestSameSimulatorIsolatedRegions_DestinationDidNotProcessViewerConnection" executed="True" result="Success" success="True" time="30.521" asserts="8" />
                              <test-case name="OpenSim.Region.Framework.Scenes.Tests.ScenePresenceTeleportTests.TestSameSimulatorIsolatedRegionsV2" executed="True" result="Success" success="True" time="16.517" asserts="8" />
                              <test-case name="OpenSim.Region.Framework.Scenes.Tests.ScenePresenceTeleportTests.TestSameSimulatorNeighbouringRegionsV2" executed="True" result="Success" success="True" time="2.222" asserts="14" />
                            </results>
                          </test-suite>
                          <test-suite type="TestFixture" name="SceneStatisticsTests" executed="True" result="Success" success="True" time="0.009" asserts="0">
                            <results>
                              <test-case name="OpenSim.Region.Framework.Scenes.Tests.SceneStatisticsTests.TestAddRemovePhysicalLinkset" executed="True" result="Success" success="True" time="0.009" asserts="5" />
                            </results>
                          </test-suite>
                          <test-suite type="TestFixture" name="SceneTelehubTests" executed="True" result="Success" success="True" time="1.031" asserts="0">
                            <results>
                              <test-case name="OpenSim.Region.Framework.Scenes.Tests.SceneTelehubTests.TestNoTelehubSceneObject" executed="True" result="Success" success="True" time="0.519" asserts="1" />
                              <test-case name="OpenSim.Region.Framework.Scenes.Tests.SceneTelehubTests.TestNoTelehubSpawnPoints" executed="True" result="Success" success="True" time="0.511" asserts="1" />
                            </results>
                          </test-suite>
                          <test-suite type="TestFixture" name="SceneTests" executed="True" result="Success" success="True" time="0.642" asserts="0">
                            <results>
                              <test-case name="OpenSim.Region.Framework.Scenes.Tests.SceneTests.TestCreateScene" executed="True" result="Success" success="True" time="0.008" asserts="0" />
                              <test-case name="OpenSim.Region.Framework.Scenes.Tests.SceneTests.TestCreateVarScene" executed="True" result="Success" success="True" time="0.022" asserts="2" />
                              <test-case name="OpenSim.Region.Framework.Scenes.Tests.SceneTests.TestShutdownScene" executed="True" result="Success" success="True" time="0.509" asserts="3" />
                              <test-case name="OpenSim.Region.Framework.Scenes.Tests.SceneTests.TestUpdateScene" executed="True" result="Success" success="True" time="0.100" asserts="1" />
                            </results>
                          </test-suite>
                          <test-suite type="TestFixture" name="SharedRegionModuleTests" executed="True" result="Inconclusive" success="False" time="0.000" asserts="0" />
                          <test-suite type="TestFixture" name="UuidGathererTests" executed="True" result="Success" success="True" time="0.058" asserts="0">
                            <results>
                              <test-case name="OpenSim.Region.Framework.Scenes.Tests.UuidGathererTests.TestCorruptAsset" executed="True" result="Success" success="True" time="0.017" asserts="1" />
                              <test-case name="OpenSim.Region.Framework.Scenes.Tests.UuidGathererTests.TestMissingAsset" executed="True" result="Success" success="True" time="0.010" asserts="1" />
                              <test-case name="OpenSim.Region.Framework.Scenes.Tests.UuidGathererTests.TestNotecardAsset" executed="True" result="Success" success="True" time="0.010" asserts="4" />
                              <test-case name="OpenSim.Region.Framework.Scenes.Tests.UuidGathererTests.TestTaskItems" executed="True" result="Success" success="True" time="0.020" asserts="5" />
                            </results>
                          </test-suite>
                        </results>
                      </test-suite>
                    </results>
                  </test-suite>
                  <test-suite type="Namespace" name="Tests" executed="True" result="Success" success="True" time="1.126" asserts="0">
                    <results>
                      <test-suite type="TestFixture" name="TaskInventoryTests" executed="True" result="Success" success="True" time="0.056" asserts="0">
                        <results>
                          <test-case name="OpenSim.Region.Framework.Tests.TaskInventoryTests.TestAddTaskInventoryItem" executed="True" result="Success" success="True" time="0.014" asserts="5" />
                          <test-case name="OpenSim.Region.Framework.Tests.TaskInventoryTests.TestMoveTaskInventoryItem" executed="True" result="Success" success="True" time="0.012" asserts="1" />
                          <test-case name="OpenSim.Region.Framework.Tests.TaskInventoryTests.TestMoveTaskInventoryItemNoParent" executed="True" result="Success" success="True" time="0.010" asserts="1" />
                          <test-case name="OpenSim.Region.Framework.Tests.TaskInventoryTests.TestRezObjectFromInventoryItem" executed="True" result="Success" success="True" time="0.018" asserts="4" />
                        </results>
                      </test-suite>
                      <test-suite type="TestFixture" name="UserInventoryTests" executed="True" result="Success" success="True" time="1.068" asserts="0">
                        <results>
                          <test-case name="OpenSim.Region.Framework.Tests.UserInventoryTests.TestCreateInventoryFolders" executed="True" result="Success" success="True" time="0.011" asserts="6" />
                          <test-case name="OpenSim.Region.Framework.Tests.UserInventoryTests.TestGiveInventoryFolder" executed="True" result="Success" success="True" time="0.014" asserts="2" />
                          <test-case name="OpenSim.Region.Framework.Tests.UserInventoryTests.TestGiveInventoryItem" executed="True" result="Success" success="True" time="0.016" asserts="2" />
                          <test-case name="OpenSim.Region.Framework.Tests.UserInventoryTests.TestGiveInventoryItemFullPerms" executed="True" result="Success" success="True" time="1.025" asserts="3" />
                        </results>
                      </test-suite>
                    </results>
                  </test-suite>
                </results>
              </test-suite>
            </results>
          </test-suite>
        </results>
      </test-suite>
    </results>
  </test-suite>
</test-results>