<?xml version="1.0" encoding="utf-8" standalone="no"?>
<!--This file represents the results of running a test suite-->
<test-results name="/home/test/opensim/bin/OpenSim.Data.Tests.dll" total="45" errors="0" failures="0" not-run="43" inconclusive="0" ignored="43" skipped="0" invalid="0" date="2017-08-14" time="21:17:25">
  <environment nunit-version="2.6.4.0" clr-version="4.0.30319.42000" os-version="Unix 4.10.0.28" platform="Unix" cwd="/home/test/opensim" machine-name="regions5.opensim.life" user="root" user-domain="regions5.opensim.life" />
  <culture-info current-culture="en-US" current-uiculture="en-US" />
  <test-suite type="Assembly" name="/home/test/opensim/bin/OpenSim.Data.Tests.dll" executed="True" result="Failure" success="False" time="13.486" asserts="0">
    <results>
      <test-suite type="Namespace" name="OpenSim" executed="True" result="Failure" success="False" time="13.480" asserts="0">
        <results>
          <test-suite type="Namespace" name="Data" executed="True" result="Failure" success="False" time="13.480" asserts="0">
            <results>
              <test-suite type="Namespace" name="Tests" executed="True" result="Failure" success="False" time="13.480" asserts="0">
                <results>
                  <test-suite type="GenericFixture" name="AssetTests&lt;TConn,TAssetData&gt;" executed="False" result="NotRunnable">
                    <reason>
                      <message><![CDATA[Generic fixture has no type arguments provided]]></message>
                    </reason>
                  </test-suite>
                  <test-suite type="GenericFixture" name="EstateTests&lt;TConn,TEstateStore&gt;" executed="False" result="NotRunnable">
                    <reason>
                      <message><![CDATA[Generic fixture has no type arguments provided]]></message>
                    </reason>
                  </test-suite>
                  <test-suite type="GenericFixture" name="InventoryTests&lt;TConn,TInvStore&gt;" executed="False" result="NotRunnable">
                    <reason>
                      <message><![CDATA[Generic fixture has no type arguments provided]]></message>
                    </reason>
                  </test-suite>
                  <test-suite type="TestFixture" name="MySqlAssetTests" description="Asset store tests (MySQL)" executed="False" result="Ignored">
                    <reason>
                      <message><![CDATA[]]></message>
                    </reason>
                    <results>
                      <test-case name="OpenSim.Data.Tests.MySqlAssetTests.AssetTests`2.T001_LoadEmpty" executed="False" result="Ignored">
                        <reason>
                          <message><![CDATA[]]></message>
                        </reason>
                      </test-case>
                      <test-case name="OpenSim.Data.Tests.MySqlAssetTests.AssetTests`2.T010_StoreReadVerifyAssets" executed="False" result="Ignored">
                        <reason>
                          <message><![CDATA[]]></message>
                        </reason>
                      </test-case>
                      <test-case name="OpenSim.Data.Tests.MySqlAssetTests.AssetTests`2.T020_CheckForWeirdCreatorID" executed="False" result="Ignored">
                        <reason>
                          <message><![CDATA[]]></message>
                        </reason>
                      </test-case>
                    </results>
                  </test-suite>
                  <test-suite type="TestFixture" name="MySqlEstateTests" description="Estate store tests (MySQL)" executed="False" result="Ignored">
                    <reason>
                      <message><![CDATA[]]></message>
                    </reason>
                    <results>
                      <test-case name="OpenSim.Data.Tests.MySqlEstateTests.EstateTests`2.T010_EstateSettingsSimpleStorage_MinimumParameterSet" executed="False" result="Ignored">
                        <reason>
                          <message><![CDATA[]]></message>
                        </reason>
                      </test-case>
                      <test-case name="OpenSim.Data.Tests.MySqlEstateTests.EstateTests`2.T011_EstateSettingsSimpleStorage_MaximumParameterSet" executed="False" result="Ignored">
                        <reason>
                          <message><![CDATA[]]></message>
                        </reason>
                      </test-case>
                      <test-case name="OpenSim.Data.Tests.MySqlEstateTests.EstateTests`2.T012_EstateSettingsRandomStorage" executed="False" result="Ignored">
                        <reason>
                          <message><![CDATA[]]></message>
                        </reason>
                      </test-case>
                      <test-case name="OpenSim.Data.Tests.MySqlEstateTests.EstateTests`2.T012_EstateSettingsSimpleStorage_AccurateParameterSet" executed="False" result="Ignored">
                        <reason>
                          <message><![CDATA[]]></message>
                        </reason>
                      </test-case>
                      <test-case name="OpenSim.Data.Tests.MySqlEstateTests.EstateTests`2.T020_EstateSettingsManagerList" executed="False" result="Ignored">
                        <reason>
                          <message><![CDATA[]]></message>
                        </reason>
                      </test-case>
                      <test-case name="OpenSim.Data.Tests.MySqlEstateTests.EstateTests`2.T021_EstateSettingsUserList" executed="False" result="Ignored">
                        <reason>
                          <message><![CDATA[]]></message>
                        </reason>
                      </test-case>
                      <test-case name="OpenSim.Data.Tests.MySqlEstateTests.EstateTests`2.T022_EstateSettingsBanList" executed="False" result="Ignored">
                        <reason>
                          <message><![CDATA[]]></message>
                        </reason>
                      </test-case>
                      <test-case name="OpenSim.Data.Tests.MySqlEstateTests.EstateTests`2.T022_EstateSettingsGroupList" executed="False" result="Ignored">
                        <reason>
                          <message><![CDATA[]]></message>
                        </reason>
                      </test-case>
                    </results>
                  </test-suite>
                  <test-suite type="TestFixture" name="MySqlInventoryTests" description="Inventory store tests (MySQL)" executed="False" result="Ignored">
                    <reason>
                      <message><![CDATA[]]></message>
                    </reason>
                    <results>
                      <test-case name="OpenSim.Data.Tests.MySqlInventoryTests.InventoryTests`2.T001_LoadEmpty" executed="False" result="Ignored">
                        <reason>
                          <message><![CDATA[]]></message>
                        </reason>
                      </test-case>
                      <test-case name="OpenSim.Data.Tests.MySqlInventoryTests.InventoryTests`2.T010_FolderNonParent" executed="False" result="Ignored">
                        <reason>
                          <message><![CDATA[]]></message>
                        </reason>
                      </test-case>
                      <test-case name="OpenSim.Data.Tests.MySqlInventoryTests.InventoryTests`2.T011_FolderCreate" executed="False" result="Ignored">
                        <reason>
                          <message><![CDATA[]]></message>
                        </reason>
                      </test-case>
                      <test-case name="OpenSim.Data.Tests.MySqlInventoryTests.InventoryTests`2.T012_FolderList" executed="False" result="Ignored">
                        <reason>
                          <message><![CDATA[]]></message>
                        </reason>
                      </test-case>
                      <test-case name="OpenSim.Data.Tests.MySqlInventoryTests.InventoryTests`2.T013_FolderHierarchy" executed="False" result="Ignored">
                        <reason>
                          <message><![CDATA[]]></message>
                        </reason>
                      </test-case>
                      <test-case name="OpenSim.Data.Tests.MySqlInventoryTests.InventoryTests`2.T014_MoveFolder" executed="False" result="Ignored">
                        <reason>
                          <message><![CDATA[]]></message>
                        </reason>
                      </test-case>
                      <test-case name="OpenSim.Data.Tests.MySqlInventoryTests.InventoryTests`2.T015_FolderHierarchy" executed="False" result="Ignored">
                        <reason>
                          <message><![CDATA[]]></message>
                        </reason>
                      </test-case>
                      <test-case name="OpenSim.Data.Tests.MySqlInventoryTests.InventoryTests`2.T100_NoItems" executed="False" result="Ignored">
                        <reason>
                          <message><![CDATA[]]></message>
                        </reason>
                      </test-case>
                      <test-case name="OpenSim.Data.Tests.MySqlInventoryTests.InventoryTests`2.T101_CreatItems" executed="False" result="Ignored">
                        <reason>
                          <message><![CDATA[]]></message>
                        </reason>
                      </test-case>
                      <test-case name="OpenSim.Data.Tests.MySqlInventoryTests.InventoryTests`2.T102_CompareItems" executed="False" result="Ignored">
                        <reason>
                          <message><![CDATA[]]></message>
                        </reason>
                      </test-case>
                      <test-case name="OpenSim.Data.Tests.MySqlInventoryTests.InventoryTests`2.T103_UpdateItem" executed="False" result="Ignored">
                        <reason>
                          <message><![CDATA[]]></message>
                        </reason>
                      </test-case>
                      <test-case name="OpenSim.Data.Tests.MySqlInventoryTests.InventoryTests`2.T104_RandomUpdateItem" executed="False" result="Ignored">
                        <reason>
                          <message><![CDATA[]]></message>
                        </reason>
                      </test-case>
                      <test-case name="OpenSim.Data.Tests.MySqlInventoryTests.InventoryTests`2.T999_StillNull" executed="False" result="Ignored">
                        <reason>
                          <message><![CDATA[]]></message>
                        </reason>
                      </test-case>
                    </results>
                  </test-suite>
                  <test-suite type="TestFixture" name="MySqlRegionTests" description="Region store tests (MySQL)" executed="False" result="Ignored">
                    <reason>
                      <message><![CDATA[]]></message>
                    </reason>
                    <results>
                      <test-case name="OpenSim.Data.Tests.MySqlRegionTests.RegionTests`2.T001_LoadEmpty" executed="False" result="Ignored">
                        <reason>
                          <message><![CDATA[]]></message>
                        </reason>
                      </test-case>
                      <test-case name="OpenSim.Data.Tests.MySqlRegionTests.RegionTests`2.T010_StoreSimpleObject" executed="False" result="Ignored">
                        <reason>
                          <message><![CDATA[]]></message>
                        </reason>
                      </test-case>
                      <test-case name="OpenSim.Data.Tests.MySqlRegionTests.RegionTests`2.T011_ObjectNames" executed="False" result="Ignored">
                        <reason>
                          <message><![CDATA[]]></message>
                        </reason>
                      </test-case>
                      <test-case name="OpenSim.Data.Tests.MySqlRegionTests.RegionTests`2.T012_SceneParts" executed="False" result="Ignored">
                        <reason>
                          <message><![CDATA[]]></message>
                        </reason>
                      </test-case>
                      <test-case name="OpenSim.Data.Tests.MySqlRegionTests.RegionTests`2.T013_DatabasePersistency" executed="False" result="Ignored">
                        <reason>
                          <message><![CDATA[]]></message>
                        </reason>
                      </test-case>
                      <test-case name="OpenSim.Data.Tests.MySqlRegionTests.RegionTests`2.T014_UpdateObject" executed="False" result="Ignored">
                        <reason>
                          <message><![CDATA[]]></message>
                        </reason>
                      </test-case>
                      <test-case name="OpenSim.Data.Tests.MySqlRegionTests.RegionTests`2.T015_LargeSceneObjects" executed="False" result="Ignored">
                        <reason>
                          <message><![CDATA[]]></message>
                        </reason>
                      </test-case>
                      <test-case name="OpenSim.Data.Tests.MySqlRegionTests.RegionTests`2.T020_PrimInventoryEmpty" executed="False" result="Ignored">
                        <reason>
                          <message><![CDATA[]]></message>
                        </reason>
                      </test-case>
                      <test-case name="OpenSim.Data.Tests.MySqlRegionTests.RegionTests`2.T021_PrimInventoryBasic" executed="False" result="Ignored">
                        <reason>
                          <message><![CDATA[]]></message>
                        </reason>
                      </test-case>
                      <test-case name="OpenSim.Data.Tests.MySqlRegionTests.RegionTests`2.T025_PrimInventoryPersistency" executed="False" result="Ignored">
                        <reason>
                          <message><![CDATA[]]></message>
                        </reason>
                      </test-case>
                      <test-case name="OpenSim.Data.Tests.MySqlRegionTests.RegionTests`2.T026_PrimInventoryMany" executed="False" result="Ignored">
                        <reason>
                          <message><![CDATA[]]></message>
                        </reason>
                      </test-case>
                      <test-case name="OpenSim.Data.Tests.MySqlRegionTests.RegionTests`2.T052_RemoveObject" executed="False" result="Ignored">
                        <reason>
                          <message><![CDATA[]]></message>
                        </reason>
                      </test-case>
                      <test-case name="OpenSim.Data.Tests.MySqlRegionTests.RegionTests`2.T100_DefaultRegionInfo" executed="False" result="Ignored">
                        <reason>
                          <message><![CDATA[]]></message>
                        </reason>
                      </test-case>
                      <test-case name="OpenSim.Data.Tests.MySqlRegionTests.RegionTests`2.T101_UpdateRegionInfo" executed="False" result="Ignored">
                        <reason>
                          <message><![CDATA[]]></message>
                        </reason>
                      </test-case>
                      <test-case name="OpenSim.Data.Tests.MySqlRegionTests.RegionTests`2.T300_NoTerrain" executed="False" result="Ignored">
                        <reason>
                          <message><![CDATA[]]></message>
                        </reason>
                      </test-case>
                      <test-case name="OpenSim.Data.Tests.MySqlRegionTests.RegionTests`2.T301_CreateTerrain" executed="False" result="Ignored">
                        <reason>
                          <message><![CDATA[]]></message>
                        </reason>
                      </test-case>
                      <test-case name="OpenSim.Data.Tests.MySqlRegionTests.RegionTests`2.T302_FetchTerrain" executed="False" result="Ignored">
                        <reason>
                          <message><![CDATA[]]></message>
                        </reason>
                      </test-case>
                      <test-case name="OpenSim.Data.Tests.MySqlRegionTests.RegionTests`2.T303_UpdateTerrain" executed="False" result="Ignored">
                        <reason>
                          <message><![CDATA[]]></message>
                        </reason>
                      </test-case>
                      <test-case name="OpenSim.Data.Tests.MySqlRegionTests.RegionTests`2.T400_EmptyLand" executed="False" result="Ignored">
                        <reason>
                          <message><![CDATA[]]></message>
                        </reason>
                      </test-case>
                    </results>
                  </test-suite>
                  <test-suite type="TestFixture" name="PropertyCompareConstraintTest" executed="True" result="Success" success="True" time="0.070" asserts="0">
                    <results>
                      <test-case name="OpenSim.Data.Tests.PropertyCompareConstraintTest.AssetShouldMatch" executed="True" result="Success" success="True" time="0.036" asserts="1" />
                      <test-case name="OpenSim.Data.Tests.PropertyCompareConstraintTest.AssetShouldNotMatch" executed="True" result="Success" success="True" time="0.004" asserts="1" />
                      <test-case name="OpenSim.Data.Tests.PropertyCompareConstraintTest.AssetShouldNotMatch2" executed="True" result="Success" success="True" time="0.001" asserts="1" />
                      <test-case name="OpenSim.Data.Tests.PropertyCompareConstraintTest.ErrorsOutOnRecursive" executed="True" result="Success" success="True" time="0.001" asserts="1" />
                      <test-case name="OpenSim.Data.Tests.PropertyCompareConstraintTest.IntShouldIgnore" executed="True" result="Success" success="True" time="0.001" asserts="1" />
                      <test-case name="OpenSim.Data.Tests.PropertyCompareConstraintTest.IntShouldMatch" executed="True" result="Success" success="True" time="0.001" asserts="1" />
                      <test-case name="OpenSim.Data.Tests.PropertyCompareConstraintTest.IntShouldNotMatch" executed="True" result="Success" success="True" time="0.000" asserts="1" />
                      <test-case name="OpenSim.Data.Tests.PropertyCompareConstraintTest.ShouldCompareLists" executed="True" result="Success" success="True" time="0.003" asserts="1" />
                      <test-case name="OpenSim.Data.Tests.PropertyCompareConstraintTest.ShouldFailToCompareListsThatAreDifferent" executed="True" result="Success" success="True" time="0.001" asserts="1" />
                      <test-case name="OpenSim.Data.Tests.PropertyCompareConstraintTest.ShouldFailToCompareListsThatAreDifferentLengths" executed="True" result="Success" success="True" time="0.000" asserts="1" />
                      <test-case name="OpenSim.Data.Tests.PropertyCompareConstraintTest.TestColors" executed="True" result="Success" success="True" time="0.011" asserts="1" />
                      <test-case name="OpenSim.Data.Tests.PropertyCompareConstraintTest.UUIDShouldMatch" executed="True" result="Success" success="True" time="0.002" asserts="1" />
                      <test-case name="OpenSim.Data.Tests.PropertyCompareConstraintTest.UUIDShouldNotMatch" executed="True" result="Success" success="True" time="0.000" asserts="1" />
                    </results>
                  </test-suite>
                  <test-suite type="TestFixture" name="PropertyScramblerTests" executed="True" result="Success" success="True" time="0.009" asserts="0">
                    <results>
                      <test-case name="OpenSim.Data.Tests.PropertyScramblerTests.DontScramble" executed="True" result="Success" success="True" time="0.007" asserts="1" />
                      <test-case name="OpenSim.Data.Tests.PropertyScramblerTests.TestScramble" executed="True" result="Success" success="True" time="0.002" asserts="0" />
                    </results>
                  </test-suite>
                  <test-suite type="GenericFixture" name="RegionTests&lt;TConn,TRegStore&gt;" executed="False" result="NotRunnable">
                    <reason>
                      <message><![CDATA[Generic fixture has no type arguments provided]]></message>
                    </reason>
                  </test-suite>
                  <test-suite type="TestFixture" name="SQLiteAssetTests" description="Asset store tests (SQLite)" executed="True" result="Success" success="True" time="0.827" asserts="0">
                    <results>
                      <test-case name="OpenSim.Data.Tests.SQLiteAssetTests.AssetTests`2.T001_LoadEmpty" executed="True" result="Success" success="True" time="0.006" asserts="3" />
                      <test-case name="OpenSim.Data.Tests.SQLiteAssetTests.AssetTests`2.T010_StoreReadVerifyAssets" executed="True" result="Success" success="True" time="0.297" asserts="15" />
                      <test-case name="OpenSim.Data.Tests.SQLiteAssetTests.AssetTests`2.T020_CheckForWeirdCreatorID" executed="True" result="Success" success="True" time="0.121" asserts="3" />
                    </results>
                  </test-suite>
                  <test-suite type="TestFixture" name="SQLiteEstateTests" description="Estate store tests (SQLite)" executed="True" result="Success" success="True" time="2.273" asserts="0">
                    <results>
                      <test-case name="OpenSim.Data.Tests.SQLiteEstateTests.EstateTests`2.T010_EstateSettingsSimpleStorage_MinimumParameterSet" executed="True" result="Success" success="True" time="0.207" asserts="25" />
                      <test-case name="OpenSim.Data.Tests.SQLiteEstateTests.EstateTests`2.T011_EstateSettingsSimpleStorage_MaximumParameterSet" executed="True" result="Success" success="True" time="0.053" asserts="25" />
                      <test-case name="OpenSim.Data.Tests.SQLiteEstateTests.EstateTests`2.T012_EstateSettingsRandomStorage" executed="True" result="Success" success="True" time="0.059" asserts="1" />
                      <test-case name="OpenSim.Data.Tests.SQLiteEstateTests.EstateTests`2.T012_EstateSettingsSimpleStorage_AccurateParameterSet" executed="True" result="Success" success="True" time="0.048" asserts="25" />
                      <test-case name="OpenSim.Data.Tests.SQLiteEstateTests.EstateTests`2.T020_EstateSettingsManagerList" executed="True" result="Success" success="True" time="0.149" asserts="3" />
                      <test-case name="OpenSim.Data.Tests.SQLiteEstateTests.EstateTests`2.T021_EstateSettingsUserList" executed="True" result="Success" success="True" time="0.287" asserts="3" />
                      <test-case name="OpenSim.Data.Tests.SQLiteEstateTests.EstateTests`2.T022_EstateSettingsBanList" executed="True" result="Success" success="True" time="0.401" asserts="3" />
                      <test-case name="OpenSim.Data.Tests.SQLiteEstateTests.EstateTests`2.T022_EstateSettingsGroupList" executed="True" result="Success" success="True" time="0.602" asserts="3" />
                    </results>
                  </test-suite>
                  <test-suite type="TestFixture" name="SQLiteRegionTests" description="Region store tests (SQLite)" executed="True" result="Success" success="True" time="9.960" asserts="0">
                    <results>
                      <test-case name="OpenSim.Data.Tests.SQLiteRegionTests.RegionTests`2.T001_LoadEmpty" executed="True" result="Success" success="True" time="0.015" asserts="3" />
                      <test-case name="OpenSim.Data.Tests.SQLiteRegionTests.RegionTests`2.T010_StoreSimpleObject" executed="True" result="Success" success="True" time="0.474" asserts="1" />
                      <test-case name="OpenSim.Data.Tests.SQLiteRegionTests.RegionTests`2.T011_ObjectNames" executed="True" result="Success" success="True" time="0.004" asserts="4" />
                      <test-case name="OpenSim.Data.Tests.SQLiteRegionTests.RegionTests`2.T012_SceneParts" executed="True" result="Success" success="True" time="0.418" asserts="7" />
                      <test-case name="OpenSim.Data.Tests.SQLiteRegionTests.RegionTests`2.T013_DatabasePersistency" executed="True" result="Success" success="True" time="0.309" asserts="58" />
                      <test-case name="OpenSim.Data.Tests.SQLiteRegionTests.RegionTests`2.T014_UpdateObject" executed="True" result="Success" success="True" time="0.256" asserts="26" />
                      <test-case name="OpenSim.Data.Tests.SQLiteRegionTests.RegionTests`2.T015_LargeSceneObjects" executed="True" result="Success" success="True" time="4.509" asserts="180" />
                      <test-case name="OpenSim.Data.Tests.SQLiteRegionTests.RegionTests`2.T020_PrimInventoryEmpty" executed="True" result="Success" success="True" time="0.005" asserts="1" />
                      <test-case name="OpenSim.Data.Tests.SQLiteRegionTests.RegionTests`2.T021_PrimInventoryBasic" executed="True" result="Success" success="True" time="0.297" asserts="7" />
                      <test-case name="OpenSim.Data.Tests.SQLiteRegionTests.RegionTests`2.T025_PrimInventoryPersistency" executed="True" result="Success" success="True" time="0.004" asserts="18" />
                      <test-case name="OpenSim.Data.Tests.SQLiteRegionTests.RegionTests`2.T026_PrimInventoryMany" executed="True" result="Success" success="True" time="0.004" asserts="3" />
                      <test-case name="OpenSim.Data.Tests.SQLiteRegionTests.RegionTests`2.T052_RemoveObject" executed="True" result="Success" success="True" time="0.134" asserts="1" />
                      <test-case name="OpenSim.Data.Tests.SQLiteRegionTests.RegionTests`2.T100_DefaultRegionInfo" executed="True" result="Success" success="True" time="0.122" asserts="2" />
                      <test-case name="OpenSim.Data.Tests.SQLiteRegionTests.RegionTests`2.T101_UpdateRegionInfo" executed="True" result="Success" success="True" time="0.059" asserts="35" />
                      <test-case name="OpenSim.Data.Tests.SQLiteRegionTests.RegionTests`2.T300_NoTerrain" executed="True" result="Success" success="True" time="0.003" asserts="4" />
                      <test-case name="OpenSim.Data.Tests.SQLiteRegionTests.RegionTests`2.T301_CreateTerrain" executed="True" result="Success" success="True" time="1.077" asserts="4" />
                      <test-case name="OpenSim.Data.Tests.SQLiteRegionTests.RegionTests`2.T302_FetchTerrain" executed="True" result="Success" success="True" time="0.009" asserts="2" />
                      <test-case name="OpenSim.Data.Tests.SQLiteRegionTests.RegionTests`2.T303_UpdateTerrain" executed="True" result="Success" success="True" time="1.177" asserts="2" />
                      <test-case name="OpenSim.Data.Tests.SQLiteRegionTests.RegionTests`2.T400_EmptyLand" executed="True" result="Success" success="True" time="0.002" asserts="4" />
                    </results>
                  </test-suite>
                </results>
              </test-suite>
            </results>
          </test-suite>
        </results>
      </test-suite>
    </results>
  </test-suite>
</test-results>