<?xml version="1.0" encoding="utf-8" standalone="no"?>
<!--This file represents the results of running a test suite-->
<test-results name="/home/test/opensim/bin/OpenSim.Capabilities.Handlers.Tests.dll" total="7" errors="0" failures="0" not-run="0" inconclusive="0" ignored="0" skipped="0" invalid="0" date="2017-08-14" time="21:17:26">
  <environment nunit-version="2.6.4.0" clr-version="4.0.30319.42000" os-version="Unix 4.10.0.28" platform="Unix" cwd="/home/test/opensim" machine-name="regions5.opensim.life" user="root" user-domain="regions5.opensim.life" />
  <culture-info current-culture="en-US" current-uiculture="en-US" />
  <test-suite type="Assembly" name="/home/test/opensim/bin/OpenSim.Capabilities.Handlers.Tests.dll" executed="True" result="Success" success="True" time="0.548" asserts="0">
    <results>
      <test-suite type="Namespace" name="OpenSim" executed="True" result="Success" success="True" time="0.541" asserts="0">
        <results>
          <test-suite type="Namespace" name="Capabilities" executed="True" result="Success" success="True" time="0.541" asserts="0">
            <results>
              <test-suite type="Namespace" name="Handlers" executed="True" result="Success" success="True" time="0.541" asserts="0">
                <results>
                  <test-suite type="Namespace" name="FetchInventory" executed="True" result="Success" success="True" time="0.540" asserts="0">
                    <results>
                      <test-suite type="Namespace" name="Tests" executed="True" result="Success" success="True" time="0.540" asserts="0">
                        <results>
                          <test-suite type="TestFixture" name="FetchInventory2HandlerTests" executed="True" result="Success" success="True" time="0.480" asserts="0">
                            <results>
                              <test-case name="OpenSim.Capabilities.Handlers.FetchInventory.Tests.FetchInventory2HandlerTests.Test_001_RequestOne" executed="True" result="Success" success="True" time="0.457" asserts="5" />
                              <test-case name="OpenSim.Capabilities.Handlers.FetchInventory.Tests.FetchInventory2HandlerTests.Test_002_RequestMany" executed="True" result="Success" success="True" time="0.013" asserts="8" />
                            </results>
                          </test-suite>
                          <test-suite type="TestFixture" name="FetchInventoryDescendents2HandlerTests" executed="True" result="Success" success="True" time="0.057" asserts="0">
                            <results>
                              <test-case name="OpenSim.Capabilities.Handlers.FetchInventory.Tests.FetchInventoryDescendents2HandlerTests.Test_001_SimpleFolder" executed="True" result="Success" success="True" time="0.024" asserts="4" />
                              <test-case name="OpenSim.Capabilities.Handlers.FetchInventory.Tests.FetchInventoryDescendents2HandlerTests.Test_002_MultipleFolders" executed="True" result="Success" success="True" time="0.005" asserts="4" />
                              <test-case name="OpenSim.Capabilities.Handlers.FetchInventory.Tests.FetchInventoryDescendents2HandlerTests.Test_003_Links" executed="True" result="Success" success="True" time="0.006" asserts="6" />
                              <test-case name="OpenSim.Capabilities.Handlers.FetchInventory.Tests.FetchInventoryDescendents2HandlerTests.Test_004_DuplicateFolders" executed="True" result="Success" success="True" time="0.009" asserts="4" />
                              <test-case name="OpenSim.Capabilities.Handlers.FetchInventory.Tests.FetchInventoryDescendents2HandlerTests.Test_005_FolderZero" executed="True" result="Success" success="True" time="0.011" asserts="3" />
                            </results>
                          </test-suite>
                        </results>
                      </test-suite>
                    </results>
                  </test-suite>
                </results>
              </test-suite>
            </results>
          </test-suite>
        </results>
      </test-suite>
    </results>
  </test-suite>
</test-results>