<?xml version="1.0" encoding="utf-8" standalone="no"?>
<!--This file represents the results of running a test suite-->
<test-results name="/home/test/opensim/bin/OpenSim.Framework.Servers.Tests.dll" total="2" errors="0" failures="0" not-run="0" inconclusive="0" ignored="0" skipped="0" invalid="0" date="2017-08-14" time="21:13:17">
  <environment nunit-version="2.6.4.0" clr-version="4.0.30319.42000" os-version="Unix 4.10.0.28" platform="Unix" cwd="/home/test/opensim" machine-name="regions5.opensim.life" user="root" user-domain="regions5.opensim.life" />
  <culture-info current-culture="en-US" current-uiculture="en-US" />
  <test-suite type="Assembly" name="/home/test/opensim/bin/OpenSim.Framework.Servers.Tests.dll" executed="True" result="Success" success="True" time="0.066" asserts="0">
    <results>
      <test-suite type="Namespace" name="OpenSim" executed="True" result="Success" success="True" time="0.061" asserts="0">
        <results>
          <test-suite type="Namespace" name="Framework" executed="True" result="Success" success="True" time="0.061" asserts="0">
            <results>
              <test-suite type="Namespace" name="Servers" executed="True" result="Success" success="True" time="0.060" asserts="0">
                <results>
                  <test-suite type="Namespace" name="Tests" executed="True" result="Success" success="True" time="0.060" asserts="0">
                    <results>
                      <test-suite type="TestFixture" name="VersionInfoTests" executed="True" result="Success" success="True" time="0.060" asserts="0">
                        <results>
                          <test-case name="OpenSim.Framework.Servers.Tests.VersionInfoTests.TestGetVersionStringLength" executed="True" result="Success" success="True" time="0.049" asserts="8" />
                          <test-case name="OpenSim.Framework.Servers.Tests.VersionInfoTests.TestVersionLength" executed="True" result="Success" success="True" time="0.000" asserts="1" />
                        </results>
                      </test-suite>
                    </results>
                  </test-suite>
                </results>
              </test-suite>
            </results>
          </test-suite>
        </results>
      </test-suite>
    </results>
  </test-suite>
</test-results>