<?xml version="1.0" encoding="utf-8" standalone="no"?>
<!--This file represents the results of running a test suite-->
<test-results name="/home/test/opensim/bin/OpenSim.Region.ClientStack.LindenCaps.Tests.dll" total="5" errors="0" failures="0" not-run="0" inconclusive="0" ignored="0" skipped="0" invalid="0" date="2017-08-14" time="21:13:20">
  <environment nunit-version="2.6.4.0" clr-version="4.0.30319.42000" os-version="Unix 4.10.0.28" platform="Unix" cwd="/home/test/opensim" machine-name="regions5.opensim.life" user="root" user-domain="regions5.opensim.life" />
  <culture-info current-culture="en-US" current-uiculture="en-US" />
  <test-suite type="Assembly" name="/home/test/opensim/bin/OpenSim.Region.ClientStack.LindenCaps.Tests.dll" executed="True" result="Success" success="True" time="2.202" asserts="0">
    <results>
      <test-suite type="Namespace" name="OpenSim" executed="True" result="Success" success="True" time="2.197" asserts="0">
        <results>
          <test-suite type="Namespace" name="Region" executed="True" result="Success" success="True" time="2.196" asserts="0">
            <results>
              <test-suite type="Namespace" name="ClientStack" executed="True" result="Success" success="True" time="2.196" asserts="0">
                <results>
                  <test-suite type="Namespace" name="Linden" executed="True" result="Success" success="True" time="2.196" asserts="0">
                    <results>
                      <test-suite type="Namespace" name="Tests" executed="True" result="Success" success="True" time="2.196" asserts="0">
                        <results>
                          <test-suite type="TestFixture" name="EventQueueTests" executed="True" result="Success" success="True" time="2.196" asserts="0">
                            <results>
                              <test-case name="OpenSim.Region.ClientStack.Linden.Tests.EventQueueTests.TestAddForClient" executed="True" result="Success" success="True" time="1.059" asserts="1" />
                              <test-case name="OpenSim.Region.ClientStack.Linden.Tests.EventQueueTests.TestEnqueueMessage" executed="True" result="Success" success="True" time="0.523" asserts="2" />
                              <test-case name="OpenSim.Region.ClientStack.Linden.Tests.EventQueueTests.TestEnqueueMessageNoUser" executed="True" result="Success" success="True" time="0.028" asserts="1" />
                              <test-case name="OpenSim.Region.ClientStack.Linden.Tests.EventQueueTests.TestEnqueueMessageToNpc" executed="True" result="Success" success="True" time="0.044" asserts="1" />
                              <test-case name="OpenSim.Region.ClientStack.Linden.Tests.EventQueueTests.TestRemoveForClient" executed="True" result="Success" success="True" time="0.529" asserts="1" />
                            </results>
                          </test-suite>
                        </results>
                      </test-suite>
                    </results>
                  </test-suite>
                </results>
              </test-suite>
            </results>
          </test-suite>
        </results>
      </test-suite>
    </results>
  </test-suite>
</test-results>