<?xml version="1.0" encoding="utf-8" standalone="no"?>
<!--This file represents the results of running a test suite-->
<test-results name="/home/test/opensim/bin/OpenSim.Framework.Serialization.Tests.dll" total="3" errors="0" failures="0" not-run="0" inconclusive="0" ignored="0" skipped="0" invalid="0" date="2017-08-14" time="21:13:16">
  <environment nunit-version="2.6.4.0" clr-version="4.0.30319.42000" os-version="Unix 4.10.0.28" platform="Unix" cwd="/home/test/opensim" machine-name="regions5.opensim.life" user="root" user-domain="regions5.opensim.life" />
  <culture-info current-culture="en-US" current-uiculture="en-US" />
  <test-suite type="Assembly" name="/home/test/opensim/bin/OpenSim.Framework.Serialization.Tests.dll" executed="True" result="Success" success="True" time="0.380" asserts="0">
    <results>
      <test-suite type="Namespace" name="OpenSim" executed="True" result="Success" success="True" time="0.373" asserts="0">
        <results>
          <test-suite type="Namespace" name="Framework" executed="True" result="Success" success="True" time="0.373" asserts="0">
            <results>
              <test-suite type="Namespace" name="Serialization" executed="True" result="Success" success="True" time="0.373" asserts="0">
                <results>
                  <test-suite type="Namespace" name="Tests" executed="True" result="Success" success="True" time="0.373" asserts="0">
                    <results>
                      <test-suite type="TestFixture" name="LandDataSerializerTest" executed="True" result="Success" success="True" time="0.361" asserts="0">
                        <results>
                          <test-case name="OpenSim.Framework.Serialization.Tests.LandDataSerializerTest.TestLandDataDeserializeNoAccessLists" executed="True" result="Success" success="True" time="0.348" asserts="19" />
                          <test-case name="OpenSim.Framework.Serialization.Tests.LandDataSerializerTest.TestLandDataDeserializeWithAccessLists" executed="True" result="Success" success="True" time="0.003" asserts="5" />
                        </results>
                      </test-suite>
                      <test-suite type="TestFixture" name="RegionSettingsSerializerTests" executed="True" result="Success" success="True" time="0.010" asserts="0">
                        <results>
                          <test-case name="OpenSim.Framework.Serialization.Tests.RegionSettingsSerializerTests.TestRegionSettingsDeserialize" executed="True" result="Success" success="True" time="0.009" asserts="6" />
                        </results>
                      </test-suite>
                    </results>
                  </test-suite>
                </results>
              </test-suite>
            </results>
          </test-suite>
        </results>
      </test-suite>
    </results>
  </test-suite>
</test-results>