<?xml version="1.0" encoding="utf-8" standalone="no"?>
<!--This file represents the results of running a test suite-->
<test-results name="/home/test/opensim/bin/OpenSim.Tests.Permissions.dll" total="3" errors="0" failures="0" not-run="0" inconclusive="0" ignored="0" skipped="0" invalid="0" date="2017-08-14" time="21:17:46">
  <environment nunit-version="2.6.4.0" clr-version="4.0.30319.42000" os-version="Unix 4.10.0.28" platform="Unix" cwd="/home/test/opensim" machine-name="regions5.opensim.life" user="root" user-domain="regions5.opensim.life" />
  <culture-info current-culture="en-US" current-uiculture="en-US" />
  <test-suite type="Assembly" name="/home/test/opensim/bin/OpenSim.Tests.Permissions.dll" executed="True" result="Success" success="True" time="17.299" asserts="0">
    <results>
      <test-suite type="Namespace" name="OpenSim" executed="True" result="Success" success="True" time="17.293" asserts="0">
        <results>
          <test-suite type="Namespace" name="Tests" executed="True" result="Success" success="True" time="17.293" asserts="0">
            <results>
              <test-suite type="SetUpFixture" name="Permissions" executed="True" result="Success" success="True" time="17.293" asserts="0">
                <results>
                  <test-suite type="TestFixture" name="DirectTransferTests" executed="True" result="Success" success="True" time="0.096" asserts="92">
                    <results>
                      <test-case name="OpenSim.Tests.Permissions.DirectTransferTests.TestDoubleGiveWithChange" executed="True" result="Success" success="True" time="0.025" asserts="31" />
                      <test-case name="OpenSim.Tests.Permissions.DirectTransferTests.TestGiveBox" executed="True" result="Success" success="True" time="0.063" asserts="94" />
                    </results>
                  </test-suite>
                  <test-suite type="TestFixture" name="IndirectTransferTests" executed="True" result="Success" success="True" time="10.023" asserts="0">
                    <results>
                      <test-case name="OpenSim.Tests.Permissions.IndirectTransferTests.SimpleTakeCopy" executed="True" result="Success" success="True" time="10.023" asserts="72" />
                    </results>
                  </test-suite>
                </results>
              </test-suite>
            </results>
          </test-suite>
        </results>
      </test-suite>
    </results>
  </test-suite>
</test-results>